Using pre-set license
Built from '2021.1/release' branch; Version is '2021.1.1f1 (6fdc41dfa55a) revision 7330881'; Using compiler version '192528614'; Build Type 'Release'
OS: 'Windows 10 Enterprise; OS build 19042.928; Version 2009; 64bit' Language: 'en' Physical Memory: 16343 MB
BatchMode: 1, IsHumanControllingUs: 0, StartBugReporterOnCrash: 0, Is64bit: 1, IsPro: 0

 COMMAND LINE ARGUMENTS:
C:\Program Files\Unity\Hub\Editor\2021.1.1f1\Editor\Unity.exe
-adb2
-batchMode
-noUpm
-name
AssetImportWorker1
-projectPath
D:/Documents/GitHub/InternetDiscoverer
-logFile
Logs/AssetImportWorker1.log
-srvPort
54761
Successfully changed project path to: D:/Documents/GitHub/InternetDiscoverer
D:/Documents/GitHub/InternetDiscoverer
Using Asset Import Pipeline V2.
Refreshing native plugins compatible for Editor in 122.48 ms, found 2 plugins.
Preloading 0 native plugins for Editor in 0.00 ms.
Initialize engine version: 2021.1.1f1 (6fdc41dfa55a)
[Subsystems] Discovering subsystems at path C:/Program Files/Unity/Hub/Editor/2021.1.1f1/Editor/Data/Resources/UnitySubsystems
[Subsystems] Discovering subsystems at path D:/Documents/GitHub/InternetDiscoverer/Assets
GfxDevice: creating device client; threaded=0; jobified=0
Direct3D:
    Version:  Direct3D 11.0 [level 11.1]
    Renderer: NVIDIA GeForce GTX 1080 Ti (ID=0x1b06)
    Vendor:   NVIDIA
    VRAM:     11127 MB
    Driver:   27.21.14.6079
Initialize mono
Mono path[0] = 'C:/Program Files/Unity/Hub/Editor/2021.1.1f1/Editor/Data/Managed'
Mono path[1] = 'C:/Program Files/Unity/Hub/Editor/2021.1.1f1/Editor/Data/MonoBleedingEdge/lib/mono/unityjit'
Mono config path = 'C:/Program Files/Unity/Hub/Editor/2021.1.1f1/Editor/Data/MonoBleedingEdge/etc'
Using monoOptions --debugger-agent=transport=dt_socket,embedding=1,server=y,suspend=n,address=127.0.0.1:56128
Begin MonoManager ReloadAssembly
Registering precompiled unity dll's ...
Register platform support module: C:/Program Files/Unity/Hub/Editor/2021.1.1f1/Editor/Data/PlaybackEngines/WebGLSupport/UnityEditor.WebGL.Extensions.dll
Register platform support module: C:/Program Files/Unity/Hub/Editor/2021.1.1f1/Editor/Data/PlaybackEngines/MacStandaloneSupport/UnityEditor.OSXStandalone.Extensions.dll
Register platform support module: C:/Program Files/Unity/Hub/Editor/2021.1.1f1/Editor/Data/PlaybackEngines/WindowsStandaloneSupport/UnityEditor.WindowsStandalone.Extensions.dll
Registered in 0.003993 seconds.
Native extension for WindowsStandalone target not found
Native extension for OSXStandalone target not found
Native extension for WebGL target not found
Refreshing native plugins compatible for Editor in 139.42 ms, found 2 plugins.
Preloading 0 native plugins for Editor in 0.00 ms.
Mono: successfully reloaded assembly
- Completed reload, in  2.231 seconds
Platform modules already initialized, skipping
Registering precompiled user dll's ...
Registered in 0.004866 seconds.
Begin MonoManager ReloadAssembly
Native extension for WindowsStandalone target not found
Native extension for OSXStandalone target not found
Native extension for WebGL target not found
Refreshing native plugins compatible for Editor in 127.76 ms, found 2 plugins.
Preloading 0 native plugins for Editor in 0.00 ms.
Mono: successfully reloaded assembly
- Completed reload, in  5.631 seconds
Platform modules already initialized, skipping
========================================================================
Worker process is ready to serve import requests
Launched and connected shader compiler UnityShaderCompiler.exe after 0.15 seconds
Refreshing native plugins compatible for Editor in 0.91 ms, found 2 plugins.
Preloading 0 native plugins for Editor in 0.00 ms.
Unloading 3500 Unused Serialized files (Serialized files now loaded: 0)
System memory in use before: 137.1 MB.
System memory in use after: 137.3 MB.

Unloading 24 unused Assets to reduce memory usage. Loaded Objects now: 3962.
Total: 3.680700 ms (FindLiveObjects: 0.368000 ms CreateObjectMapping: 0.303300 ms MarkObjects: 2.928900 ms  DeleteObjects: 0.079200 ms)

========================================================================
Received Import Request.
  path: Assets/SFX
  artifactKey: Guid(65ff146a91ccf454cb48ec8be2b1a1a1) Importer(815301076,1909f56bfc062723c751e8b465ee728b)
Start importing Assets/SFX using Guid(65ff146a91ccf454cb48ec8be2b1a1a1) Importer(815301076,1909f56bfc062723c751e8b465ee728b)  -> (artifact id: 'cd10b3f1ba5d441e41d67df9397a3d17') in 0.013528 seconds 
========================================================================
Received Import Request.
  Time since last request: 32.931572 seconds.
  path: Assets/SFX/UI
  artifactKey: Guid(b4fda4f667900f84f8341af4b585974c) Importer(815301076,1909f56bfc062723c751e8b465ee728b)
Start importing Assets/SFX/UI using Guid(b4fda4f667900f84f8341af4b585974c) Importer(815301076,1909f56bfc062723c751e8b465ee728b)  -> (artifact id: '2bd948ab27e58131b506d2946eb675fc') in 0.010402 seconds 
========================================================================
Received Import Request.
  Time since last request: 12.074772 seconds.
  path: Assets/SFX/UI SFX
  artifactKey: Guid(b4fda4f667900f84f8341af4b585974c) Importer(815301076,1909f56bfc062723c751e8b465ee728b)
Start importing Assets/SFX/UI SFX using Guid(b4fda4f667900f84f8341af4b585974c) Importer(815301076,1909f56bfc062723c751e8b465ee728b)  -> (artifact id: 'd7d6d918710315a610c553c2d460c80f') in 0.013446 seconds 
========================================================================
Received Import Request.
  Time since last request: 5.038418 seconds.
  path: Assets/SFX/UI SFX/Home_Office_Computer_Mouse_Click_01.mp3
  artifactKey: Guid(68ed2804aa97494428288b44aa876546) Importer(815301076,1909f56bfc062723c751e8b465ee728b)
Start importing Assets/SFX/UI SFX/Home_Office_Computer_Mouse_Click_01.mp3 using Guid(68ed2804aa97494428288b44aa876546) Importer(815301076,1909f56bfc062723c751e8b465ee728b)  -> (artifact id: '50e6787b934201d4ca0d645551f60b7d') in 0.232349 seconds 
========================================================================
Received Import Request.
  Time since last request: 0.000244 seconds.
  path: Assets/SFX/UI SFX/Home_Office_Computer_Mouse_ScrollWheel_01.mp3
  artifactKey: Guid(f7b41ae18dc15684387cf63efca1a60a) Importer(815301076,1909f56bfc062723c751e8b465ee728b)
Start importing Assets/SFX/UI SFX/Home_Office_Computer_Mouse_ScrollWheel_01.mp3 using Guid(f7b41ae18dc15684387cf63efca1a60a) Importer(815301076,1909f56bfc062723c751e8b465ee728b)  -> (artifact id: '4cf0d5dc2a441186b00a6ad3196bcb8c') in 0.026974 seconds 
========================================================================
Received Import Request.
  Time since last request: 0.000234 seconds.
  path: Assets/SFX/UI SFX/Home_Office_Computer_Mouse_Click_01.wav
  artifactKey: Guid(106997efb296dae479bf44184db28ca7) Importer(815301076,1909f56bfc062723c751e8b465ee728b)
Start importing Assets/SFX/UI SFX/Home_Office_Computer_Mouse_Click_01.wav using Guid(106997efb296dae479bf44184db28ca7) Importer(815301076,1909f56bfc062723c751e8b465ee728b)  -> (artifact id: '797e593ba6523c47dcc1afd59842a355') in 0.024025 seconds 
========================================================================
Received Import Request.
  Time since last request: 0.000230 seconds.
  path: Assets/SFX/UI SFX/Home_Office_Computer_Mouse_ScrollWheel_01.wav
  artifactKey: Guid(64c9179d7ea89684899d2386fbd8fc62) Importer(815301076,1909f56bfc062723c751e8b465ee728b)
Start importing Assets/SFX/UI SFX/Home_Office_Computer_Mouse_ScrollWheel_01.wav using Guid(64c9179d7ea89684899d2386fbd8fc62) Importer(815301076,1909f56bfc062723c751e8b465ee728b)  -> (artifact id: '5961e639b9d673b2092fb41080453539') in 0.023798 seconds 
========================================================================
Received Import Request.
  Time since last request: 699.500936 seconds.
  path: Assets/SFX/UI SFX/ui_click_rollover_misc_11.wav
  artifactKey: Guid(63ff966d9449198429b3010f35d4b83d) Importer(815301076,1909f56bfc062723c751e8b465ee728b)
Start importing Assets/SFX/UI SFX/ui_click_rollover_misc_11.wav using Guid(63ff966d9449198429b3010f35d4b83d) Importer(815301076,1909f56bfc062723c751e8b465ee728b)  -> (artifact id: '24a31745910405f432721d8fe73621ef') in 0.039571 seconds 
========================================================================
Received Import Request.
  Time since last request: 99.281175 seconds.
  path: Assets/SFX/UI SFX/notify_timer_01.wav
  artifactKey: Guid(821e116a1257ca449b16bf3d446e78d9) Importer(815301076,1909f56bfc062723c751e8b465ee728b)
Start importing Assets/SFX/UI SFX/notify_timer_01.wav using Guid(821e116a1257ca449b16bf3d446e78d9) Importer(815301076,1909f56bfc062723c751e8b465ee728b)  -> (artifact id: 'e4c5362d3e1819d7b086511d78e7282a') in 0.031124 seconds 
========================================================================
Received Import Request.
  Time since last request: 268.478510 seconds.
  path: Assets/SFX/UI SFX/pickup_gem_02.wav
  artifactKey: Guid(4266713bec920d742aadd61732d02664) Importer(815301076,1909f56bfc062723c751e8b465ee728b)
Start importing Assets/SFX/UI SFX/pickup_gem_02.wav using Guid(4266713bec920d742aadd61732d02664) Importer(815301076,1909f56bfc062723c751e8b465ee728b)  -> (artifact id: 'c2cadc325faaea3af50e7c104cf629f9') in 0.028528 seconds 
========================================================================
Received Import Request.
  Time since last request: 179.381766 seconds.
  path: Assets/SFX/UI SFX/Achievment SFX
  artifactKey: Guid(809d0da459a41324aae888e8d7326a5a) Importer(815301076,1909f56bfc062723c751e8b465ee728b)
Start importing Assets/SFX/UI SFX/Achievment SFX using Guid(809d0da459a41324aae888e8d7326a5a) Importer(815301076,1909f56bfc062723c751e8b465ee728b)  -> (artifact id: '9ebcfaa853fad3e7b34a836e18761090') in 0.018253 seconds 
========================================================================
Received Import Request.
  Time since last request: 6.915212 seconds.
  path: Assets/SFX/UI SFX/Achievment SFX/achievment_01.wav
  artifactKey: Guid(61a57b2c15f4e5b45a94b2130f841e6e) Importer(815301076,1909f56bfc062723c751e8b465ee728b)
Start importing Assets/SFX/UI SFX/Achievment SFX/achievment_01.wav using Guid(61a57b2c15f4e5b45a94b2130f841e6e) Importer(815301076,1909f56bfc062723c751e8b465ee728b)  -> (artifact id: '9c4fdcc11c911e0108f4c706c0a30cbe') in 0.031193 seconds 
========================================================================
Received Import Request.
  Time since last request: 0.000218 seconds.
  path: Assets/SFX/UI SFX/Achievment SFX/achievment_03.wav
  artifactKey: Guid(843e859c57176df46bdca30dfaa82d55) Importer(815301076,1909f56bfc062723c751e8b465ee728b)
Start importing Assets/SFX/UI SFX/Achievment SFX/achievment_03.wav using Guid(843e859c57176df46bdca30dfaa82d55) Importer(815301076,1909f56bfc062723c751e8b465ee728b)  -> (artifact id: '3ed93d6512cf8f5305b0df86639ddf67') in 0.026628 seconds 
========================================================================
Received Import Request.
  Time since last request: 0.000235 seconds.
  path: Assets/SFX/UI SFX/Achievment SFX/achievment_02.wav
  artifactKey: Guid(30af2f6739c73354f817062217ff78dd) Importer(815301076,1909f56bfc062723c751e8b465ee728b)
Start importing Assets/SFX/UI SFX/Achievment SFX/achievment_02.wav using Guid(30af2f6739c73354f817062217ff78dd) Importer(815301076,1909f56bfc062723c751e8b465ee728b)  -> (artifact id: 'f7ad46a957bbb1d28c5aebb146fe03a6') in 0.034070 seconds 
========================================================================
Received Import Request.
  Time since last request: 0.000277 seconds.
  path: Assets/SFX/UI SFX/Achievment SFX/achievment_05.wav
  artifactKey: Guid(d0c5524bd9d2caf4896812777f2169d3) Importer(815301076,1909f56bfc062723c751e8b465ee728b)
Start importing Assets/SFX/UI SFX/Achievment SFX/achievment_05.wav using Guid(d0c5524bd9d2caf4896812777f2169d3) Importer(815301076,1909f56bfc062723c751e8b465ee728b)  -> (artifact id: 'd83190f9d07ef4b34acc49455356c6c0') in 0.030770 seconds 
========================================================================
Received Import Request.
  Time since last request: 0.000209 seconds.
  path: Assets/SFX/UI SFX/Achievment SFX/achievment_07.wav
  artifactKey: Guid(d1db677595490504eb4fb052bef05afd) Importer(815301076,1909f56bfc062723c751e8b465ee728b)
Start importing Assets/SFX/UI SFX/Achievment SFX/achievment_07.wav using Guid(d1db677595490504eb4fb052bef05afd) Importer(815301076,1909f56bfc062723c751e8b465ee728b)  -> (artifact id: '54a95e4ca80e342527c507013f28ab62') in 0.030860 seconds 
========================================================================
Received Import Request.
  Time since last request: 0.000258 seconds.
  path: Assets/SFX/UI SFX/Achievment SFX/achievment_06.wav
  artifactKey: Guid(3b635f364d045864e96286e0d975f106) Importer(815301076,1909f56bfc062723c751e8b465ee728b)
Start importing Assets/SFX/UI SFX/Achievment SFX/achievment_06.wav using Guid(3b635f364d045864e96286e0d975f106) Importer(815301076,1909f56bfc062723c751e8b465ee728b)  -> (artifact id: '904de597e2372333cc43e79bf1d3f2d1') in 0.022830 seconds 
========================================================================
Received Import Request.
  Time since last request: 0.000261 seconds.
  path: Assets/SFX/UI SFX/Achievment SFX/achievment_04.wav
  artifactKey: Guid(6d238085af559454392d74b0097fd25c) Importer(815301076,1909f56bfc062723c751e8b465ee728b)
Start importing Assets/SFX/UI SFX/Achievment SFX/achievment_04.wav using Guid(6d238085af559454392d74b0097fd25c) Importer(815301076,1909f56bfc062723c751e8b465ee728b)  -> (artifact id: '33d04636763680f21cc292e78b9d4613') in 0.030946 seconds 
========================================================================
Received Import Request.
  Time since last request: 40.889020 seconds.
  path: Assets/SFX/UI SFX/Mouse SFX
  artifactKey: Guid(e9e20602af79d8845a26cb1809767a92) Importer(815301076,1909f56bfc062723c751e8b465ee728b)
Start importing Assets/SFX/UI SFX/Mouse SFX using Guid(e9e20602af79d8845a26cb1809767a92) Importer(815301076,1909f56bfc062723c751e8b465ee728b)  -> (artifact id: '9b18f5031ff441443a392d6d952b994e') in 0.030948 seconds 
========================================================================
Received Import Request.
  Time since last request: 52.120409 seconds.
  path: Assets/SFX/UI SFX/Alert SFX
  artifactKey: Guid(b646ebebe7212044397a03ea96982e26) Importer(815301076,1909f56bfc062723c751e8b465ee728b)
Start importing Assets/SFX/UI SFX/Alert SFX using Guid(b646ebebe7212044397a03ea96982e26) Importer(815301076,1909f56bfc062723c751e8b465ee728b)  -> (artifact id: '5fee5ff96199bfb3882294deb749fee4') in 0.017293 seconds 
========================================================================
Received Import Request.
  Time since last request: 188.348953 seconds.
  path: Assets/SFX/UI SFX/Alert SFX/coin_01.wav
  artifactKey: Guid(e4080016e774ae9418256fc1197cb562) Importer(815301076,1909f56bfc062723c751e8b465ee728b)
Start importing Assets/SFX/UI SFX/Alert SFX/coin_01.wav using Guid(e4080016e774ae9418256fc1197cb562) Importer(815301076,1909f56bfc062723c751e8b465ee728b)  -> (artifact id: 'b365e569c97c3ad6607a3e3d897e4403') in 0.022073 seconds 
========================================================================
Received Import Request.
  Time since last request: 0.000251 seconds.
  path: Assets/SFX/UI SFX/Alert SFX/coin_02.wav
  artifactKey: Guid(6f9da0db19327454abeb75e1cce0cfb1) Importer(815301076,1909f56bfc062723c751e8b465ee728b)
Start importing Assets/SFX/UI SFX/Alert SFX/coin_02.wav using Guid(6f9da0db19327454abeb75e1cce0cfb1) Importer(815301076,1909f56bfc062723c751e8b465ee728b)  -> (artifact id: '57532c0f6199f4e82b48c0d211173e9d') in 0.032400 seconds 
========================================================================
Received Import Request.
  Time since last request: 3.646307 seconds.
  path: Assets/SFX/UI SFX/Alert SFX/musical_notify_03.wav
  artifactKey: Guid(b5db4bd676a8cf64d81ece48d25af209) Importer(815301076,1909f56bfc062723c751e8b465ee728b)
Start importing Assets/SFX/UI SFX/Alert SFX/musical_notify_03.wav using Guid(b5db4bd676a8cf64d81ece48d25af209) Importer(815301076,1909f56bfc062723c751e8b465ee728b)  -> (artifact id: '0bb91c5dc230a16f4d787a33ccf45eb9') in 0.029142 seconds 
========================================================================
Received Import Request.
  Time since last request: 20.862884 seconds.
  path: Assets/SFX/UI SFX/Alert + Notify SFX
  artifactKey: Guid(b646ebebe7212044397a03ea96982e26) Importer(815301076,1909f56bfc062723c751e8b465ee728b)
Start importing Assets/SFX/UI SFX/Alert + Notify SFX using Guid(b646ebebe7212044397a03ea96982e26) Importer(815301076,1909f56bfc062723c751e8b465ee728b)  -> (artifact id: '786d16575b866917e627b9fdf616bff8') in 0.018729 seconds 
========================================================================
Received Import Request.
  Time since last request: 17.648849 seconds.
  path: Assets/SFX/UI SFX/Button SFX
  artifactKey: Guid(523e93f6ac54cfd42a3724ebe5959e18) Importer(815301076,1909f56bfc062723c751e8b465ee728b)
Start importing Assets/SFX/UI SFX/Button SFX using Guid(523e93f6ac54cfd42a3724ebe5959e18) Importer(815301076,1909f56bfc062723c751e8b465ee728b)  -> (artifact id: 'c96378dfc891ced2621cb1e8adb6870f') in 0.012251 seconds 
========================================================================
Received Import Request.
  Time since last request: 157.968204 seconds.
  path: Assets/SFX/UI SFX/Button SFX/ui_click_rollover_misc_01.wav
  artifactKey: Guid(45edbd87c9298e34ebc720cee6585759) Importer(815301076,1909f56bfc062723c751e8b465ee728b)
Start importing Assets/SFX/UI SFX/Button SFX/ui_click_rollover_misc_01.wav using Guid(45edbd87c9298e34ebc720cee6585759) Importer(815301076,1909f56bfc062723c751e8b465ee728b)  -> (artifact id: 'f50fdc04c0a359bbc8d6fe2204123fd9') in 0.035240 seconds 
========================================================================
Received Import Request.
  Time since last request: 0.000105 seconds.
  path: Assets/SFX/UI SFX/Button SFX/ui_click_rollover_misc_02.wav
  artifactKey: Guid(3ddd805163a74484ba78abc01848f60d) Importer(815301076,1909f56bfc062723c751e8b465ee728b)
Start importing Assets/SFX/UI SFX/Button SFX/ui_click_rollover_misc_02.wav using Guid(3ddd805163a74484ba78abc01848f60d) Importer(815301076,1909f56bfc062723c751e8b465ee728b)  -> (artifact id: '54bda961dc2cb5ffc72f570f1dca393f') in 0.041372 seconds 
========================================================================
Received Import Request.
  Time since last request: 0.000232 seconds.
  path: Assets/SFX/UI SFX/Button SFX/ui_click_rollover_misc_03.wav
  artifactKey: Guid(0788760202c93264a89d7cae01592ffd) Importer(815301076,1909f56bfc062723c751e8b465ee728b)
Start importing Assets/SFX/UI SFX/Button SFX/ui_click_rollover_misc_03.wav using Guid(0788760202c93264a89d7cae01592ffd) Importer(815301076,1909f56bfc062723c751e8b465ee728b)  -> (artifact id: '74fca0ee1362601516017d5cfd8f8901') in 0.034067 seconds 
========================================================================
Received Import Request.
  Time since last request: 12.556391 seconds.
  path: Assets/SFX/UI SFX/Button SFX/ui_click_rollover_misc_04.wav
  artifactKey: Guid(b3be5e563ac60fc4aa68d2caff608558) Importer(815301076,1909f56bfc062723c751e8b465ee728b)
Start importing Assets/SFX/UI SFX/Button SFX/ui_click_rollover_misc_04.wav using Guid(b3be5e563ac60fc4aa68d2caff608558) Importer(815301076,1909f56bfc062723c751e8b465ee728b)  -> (artifact id: '016115941ac52aba94482e2090e54167') in 0.046911 seconds 
========================================================================
Received Import Request.
  Time since last request: 13.864912 seconds.
  path: Assets/SFX/UI SFX/Button SFX/ui_click_rollover_misc_12.wav
  artifactKey: Guid(0423029adac735547b9a4031eb563638) Importer(815301076,1909f56bfc062723c751e8b465ee728b)
Start importing Assets/SFX/UI SFX/Button SFX/ui_click_rollover_misc_12.wav using Guid(0423029adac735547b9a4031eb563638) Importer(815301076,1909f56bfc062723c751e8b465ee728b)  -> (artifact id: 'fc7af8fef04aa56ac239d764c49339c0') in 0.032120 seconds 
AssetImportWorkerClient::OnTransportError - code=2 error=End of file
