Using pre-set license
Built from '2021.1/release' branch; Version is '2021.1.1f1 (6fdc41dfa55a) revision 7330881'; Using compiler version '192528614'; Build Type 'Release'
OS: 'Windows 10 Enterprise; OS build 19042.928; Version 2009; 64bit' Language: 'en' Physical Memory: 16343 MB
BatchMode: 1, IsHumanControllingUs: 0, StartBugReporterOnCrash: 0, Is64bit: 1, IsPro: 0

 COMMAND LINE ARGUMENTS:
C:\Program Files\Unity\Hub\Editor\2021.1.1f1\Editor\Unity.exe
-adb2
-batchMode
-noUpm
-name
AssetImportWorker0
-projectPath
D:/Documents/GitHub/InternetDiscoverer
-logFile
Logs/AssetImportWorker0.log
-srvPort
57077
Successfully changed project path to: D:/Documents/GitHub/InternetDiscoverer
D:/Documents/GitHub/InternetDiscoverer
Using Asset Import Pipeline V2.
Refreshing native plugins compatible for Editor in 138.16 ms, found 2 plugins.
Preloading 0 native plugins for Editor in 0.00 ms.
Initialize engine version: 2021.1.1f1 (6fdc41dfa55a)
[Subsystems] Discovering subsystems at path C:/Program Files/Unity/Hub/Editor/2021.1.1f1/Editor/Data/Resources/UnitySubsystems
[Subsystems] Discovering subsystems at path D:/Documents/GitHub/InternetDiscoverer/Assets
GfxDevice: creating device client; threaded=0; jobified=0
Direct3D:
    Version:  Direct3D 11.0 [level 11.1]
    Renderer: NVIDIA GeForce GTX 1080 Ti (ID=0x1b06)
    Vendor:   NVIDIA
    VRAM:     11127 MB
    Driver:   27.21.14.6079
Initialize mono
Mono path[0] = 'C:/Program Files/Unity/Hub/Editor/2021.1.1f1/Editor/Data/Managed'
Mono path[1] = 'C:/Program Files/Unity/Hub/Editor/2021.1.1f1/Editor/Data/MonoBleedingEdge/lib/mono/unityjit'
Mono config path = 'C:/Program Files/Unity/Hub/Editor/2021.1.1f1/Editor/Data/MonoBleedingEdge/etc'
Using monoOptions --debugger-agent=transport=dt_socket,embedding=1,server=y,suspend=n,address=127.0.0.1:56848
Begin MonoManager ReloadAssembly
Registering precompiled unity dll's ...
Register platform support module: C:/Program Files/Unity/Hub/Editor/2021.1.1f1/Editor/Data/PlaybackEngines/WebGLSupport/UnityEditor.WebGL.Extensions.dll
Register platform support module: C:/Program Files/Unity/Hub/Editor/2021.1.1f1/Editor/Data/PlaybackEngines/MacStandaloneSupport/UnityEditor.OSXStandalone.Extensions.dll
Register platform support module: C:/Program Files/Unity/Hub/Editor/2021.1.1f1/Editor/Data/PlaybackEngines/WindowsStandaloneSupport/UnityEditor.WindowsStandalone.Extensions.dll
Registered in 0.004438 seconds.
Native extension for WindowsStandalone target not found
Native extension for OSXStandalone target not found
Native extension for WebGL target not found
Refreshing native plugins compatible for Editor in 146.75 ms, found 2 plugins.
Preloading 0 native plugins for Editor in 0.00 ms.
Mono: successfully reloaded assembly
- Completed reload, in  2.870 seconds
Platform modules already initialized, skipping
Registering precompiled user dll's ...
Registered in 0.003989 seconds.
Begin MonoManager ReloadAssembly
Native extension for WindowsStandalone target not found
Native extension for OSXStandalone target not found
Native extension for WebGL target not found
Refreshing native plugins compatible for Editor in 123.47 ms, found 2 plugins.
Preloading 0 native plugins for Editor in 0.00 ms.
Mono: successfully reloaded assembly
- Completed reload, in  1.758 seconds
Platform modules already initialized, skipping
========================================================================
Worker process is ready to serve import requests
Launched and connected shader compiler UnityShaderCompiler.exe after 0.13 seconds
Refreshing native plugins compatible for Editor in 0.66 ms, found 2 plugins.
Preloading 0 native plugins for Editor in 0.00 ms.
Unloading 3378 Unused Serialized files (Serialized files now loaded: 0)
System memory in use before: 128.1 MB.
System memory in use after: 128.3 MB.

Unloading 24 unused Assets to reduce memory usage. Loaded Objects now: 3837.
Total: 3.045000 ms (FindLiveObjects: 0.275800 ms CreateObjectMapping: 0.198600 ms MarkObjects: 2.492400 ms  DeleteObjects: 0.077100 ms)

========================================================================
Received Import Request.
  path: Assets/Sprites/Internet Discoverer Desktop Background.png
  artifactKey: Guid(34ef59c1764858a4db2598431e8fcd4d) Importer(815301076,1909f56bfc062723c751e8b465ee728b)
Start importing Assets/Sprites/Internet Discoverer Desktop Background.png using Guid(34ef59c1764858a4db2598431e8fcd4d) Importer(815301076,1909f56bfc062723c751e8b465ee728b)  -> (artifact id: '4666b456daeddb638feee6f323e39a06') in 0.273958 seconds 
========================================================================
Received Import Request.
  Time since last request: 6.633958 seconds.
  path: Assets/Sprites/Internet Discoverer Desktop Background.png
  artifactKey: Guid(34ef59c1764858a4db2598431e8fcd4d) Importer(815301076,1909f56bfc062723c751e8b465ee728b)
Start importing Assets/Sprites/Internet Discoverer Desktop Background.png using Guid(34ef59c1764858a4db2598431e8fcd4d) Importer(815301076,1909f56bfc062723c751e8b465ee728b)  -> (artifact id: 'f62d3ab1e741b21c197e96c74dfda310') in 0.040822 seconds 
========================================================================
Received Import Request.
  Time since last request: 20.979026 seconds.
  path: Assets/Sprites/Internet Discoverer Desktop Background.png
  artifactKey: Guid(34ef59c1764858a4db2598431e8fcd4d) Importer(815301076,1909f56bfc062723c751e8b465ee728b)
Start importing Assets/Sprites/Internet Discoverer Desktop Background.png using Guid(34ef59c1764858a4db2598431e8fcd4d) Importer(815301076,1909f56bfc062723c751e8b465ee728b)  -> (artifact id: '5e216e30123dcdeb42874b025353b627') in 0.044179 seconds 
AssetImportWorkerClient::OnTransportError - code=2 error=End of file
