Using pre-set license
Built from '2021.1/release' branch; Version is '2021.1.1f1 (6fdc41dfa55a) revision 7330881'; Using compiler version '192528614'; Build Type 'Release'
OS: 'Windows 10 Enterprise; OS build 19042.928; Version 2009; 64bit' Language: 'en' Physical Memory: 16343 MB
BatchMode: 1, IsHumanControllingUs: 0, StartBugReporterOnCrash: 0, Is64bit: 1, IsPro: 0

 COMMAND LINE ARGUMENTS:
C:\Program Files\Unity\Hub\Editor\2021.1.1f1\Editor\Unity.exe
-adb2
-batchMode
-noUpm
-name
AssetImportWorker0
-projectPath
D:/Documents/GitHub/InternetDiscoverer
-logFile
Logs/AssetImportWorker0.log
-srvPort
64758
Successfully changed project path to: D:/Documents/GitHub/InternetDiscoverer
D:/Documents/GitHub/InternetDiscoverer
Using Asset Import Pipeline V2.
Refreshing native plugins compatible for Editor in 123.58 ms, found 2 plugins.
Preloading 0 native plugins for Editor in 0.00 ms.
Initialize engine version: 2021.1.1f1 (6fdc41dfa55a)
[Subsystems] Discovering subsystems at path C:/Program Files/Unity/Hub/Editor/2021.1.1f1/Editor/Data/Resources/UnitySubsystems
[Subsystems] Discovering subsystems at path D:/Documents/GitHub/InternetDiscoverer/Assets
GfxDevice: creating device client; threaded=0; jobified=0
Direct3D:
    Version:  Direct3D 11.0 [level 11.1]
    Renderer: NVIDIA GeForce GTX 1080 Ti (ID=0x1b06)
    Vendor:   NVIDIA
    VRAM:     11127 MB
    Driver:   27.21.14.6079
Initialize mono
Mono path[0] = 'C:/Program Files/Unity/Hub/Editor/2021.1.1f1/Editor/Data/Managed'
Mono path[1] = 'C:/Program Files/Unity/Hub/Editor/2021.1.1f1/Editor/Data/MonoBleedingEdge/lib/mono/unityjit'
Mono config path = 'C:/Program Files/Unity/Hub/Editor/2021.1.1f1/Editor/Data/MonoBleedingEdge/etc'
Using monoOptions --debugger-agent=transport=dt_socket,embedding=1,server=y,suspend=n,address=127.0.0.1:56492
Begin MonoManager ReloadAssembly
Registering precompiled unity dll's ...
Register platform support module: C:/Program Files/Unity/Hub/Editor/2021.1.1f1/Editor/Data/PlaybackEngines/WebGLSupport/UnityEditor.WebGL.Extensions.dll
Register platform support module: C:/Program Files/Unity/Hub/Editor/2021.1.1f1/Editor/Data/PlaybackEngines/MacStandaloneSupport/UnityEditor.OSXStandalone.Extensions.dll
Register platform support module: C:/Program Files/Unity/Hub/Editor/2021.1.1f1/Editor/Data/PlaybackEngines/WindowsStandaloneSupport/UnityEditor.WindowsStandalone.Extensions.dll
Registered in 0.004701 seconds.
Native extension for WindowsStandalone target not found
Native extension for OSXStandalone target not found
Native extension for WebGL target not found
Refreshing native plugins compatible for Editor in 124.20 ms, found 2 plugins.
Preloading 0 native plugins for Editor in 0.00 ms.
Mono: successfully reloaded assembly
- Completed reload, in  1.846 seconds
Platform modules already initialized, skipping
Registering precompiled user dll's ...
Registered in 0.003487 seconds.
Begin MonoManager ReloadAssembly
Native extension for WindowsStandalone target not found
Native extension for OSXStandalone target not found
Native extension for WebGL target not found
Refreshing native plugins compatible for Editor in 122.51 ms, found 2 plugins.
Preloading 0 native plugins for Editor in 0.00 ms.
Mono: successfully reloaded assembly
- Completed reload, in  1.499 seconds
Platform modules already initialized, skipping
========================================================================
Worker process is ready to serve import requests
Launched and connected shader compiler UnityShaderCompiler.exe after 0.06 seconds
Refreshing native plugins compatible for Editor in 0.78 ms, found 2 plugins.
Preloading 0 native plugins for Editor in 0.00 ms.
Unloading 3500 Unused Serialized files (Serialized files now loaded: 0)
System memory in use before: 137.0 MB.
System memory in use after: 137.2 MB.

Unloading 24 unused Assets to reduce memory usage. Loaded Objects now: 3962.
Total: 3.015200 ms (FindLiveObjects: 0.302500 ms CreateObjectMapping: 0.236300 ms MarkObjects: 2.403800 ms  DeleteObjects: 0.071500 ms)

========================================================================
Received Import Request.
  path: Assets/Scriptable Objects/Video Data/Video Data 14.asset
  artifactKey: Guid(625a552290e8ab6408212ce9652c9c20) Importer(815301076,1909f56bfc062723c751e8b465ee728b)
Start importing Assets/Scriptable Objects/Video Data/Video Data 14.asset using Guid(625a552290e8ab6408212ce9652c9c20) Importer(815301076,1909f56bfc062723c751e8b465ee728b)  -> (artifact id: 'e24c813fcb4fdb08fa9dbba6a43eadb9') in 0.062957 seconds 
========================================================================
Received Import Request.
  Time since last request: 0.000445 seconds.
  path: Assets/Scriptable Objects/Video Data/Video Data 22.asset
  artifactKey: Guid(1f26e58319047a448aa65f3e81165fc3) Importer(815301076,1909f56bfc062723c751e8b465ee728b)
Start importing Assets/Scriptable Objects/Video Data/Video Data 22.asset using Guid(1f26e58319047a448aa65f3e81165fc3) Importer(815301076,1909f56bfc062723c751e8b465ee728b)  -> (artifact id: 'ad430f7b71879b48f7818d9582b003b4') in 0.028571 seconds 
========================================================================
Received Import Request.
  Time since last request: 0.000215 seconds.
  path: Assets/Scriptable Objects/Video Data/Video Data 19.asset
  artifactKey: Guid(ea57e5e80af192f41acbbcfe54fddbf0) Importer(815301076,1909f56bfc062723c751e8b465ee728b)
Start importing Assets/Scriptable Objects/Video Data/Video Data 19.asset using Guid(ea57e5e80af192f41acbbcfe54fddbf0) Importer(815301076,1909f56bfc062723c751e8b465ee728b)  -> (artifact id: 'd19b644b0fbe11293c8964bc39eedee5') in 0.026241 seconds 
========================================================================
Received Import Request.
  Time since last request: 0.000237 seconds.
  path: Assets/Scriptable Objects/Video Data/Video Data 20.asset
  artifactKey: Guid(3d32f11702e2062439b0a52cca5e5459) Importer(815301076,1909f56bfc062723c751e8b465ee728b)
Start importing Assets/Scriptable Objects/Video Data/Video Data 20.asset using Guid(3d32f11702e2062439b0a52cca5e5459) Importer(815301076,1909f56bfc062723c751e8b465ee728b)  -> (artifact id: '94f6dd53991113006bc4568f27828aba') in 0.026461 seconds 
========================================================================
Received Import Request.
  Time since last request: 0.000209 seconds.
  path: Assets/Scriptable Objects/Video Data/Video Data 16.asset
  artifactKey: Guid(88923530823ca20469ff9d1f7c68388d) Importer(815301076,1909f56bfc062723c751e8b465ee728b)
Start importing Assets/Scriptable Objects/Video Data/Video Data 16.asset using Guid(88923530823ca20469ff9d1f7c68388d) Importer(815301076,1909f56bfc062723c751e8b465ee728b)  -> (artifact id: '5a1c5b1af6ac793bd6d043b6cc4c29a8') in 0.024553 seconds 
========================================================================
Received Import Request.
  Time since last request: 0.000232 seconds.
  path: Assets/Scriptable Objects/Video Data/Video Data 24.asset
  artifactKey: Guid(ef0070afc1db6e94ea7525012c1b55ee) Importer(815301076,1909f56bfc062723c751e8b465ee728b)
Start importing Assets/Scriptable Objects/Video Data/Video Data 24.asset using Guid(ef0070afc1db6e94ea7525012c1b55ee) Importer(815301076,1909f56bfc062723c751e8b465ee728b)  -> (artifact id: '8ab45bb87afc1a05904359972dc54ab7') in 0.021759 seconds 
========================================================================
Received Import Request.
  Time since last request: 0.000389 seconds.
  path: Assets/Scriptable Objects/Video Data/Video Data 17.asset
  artifactKey: Guid(a30cd23b3b0c2b04c8e64df00224db75) Importer(815301076,1909f56bfc062723c751e8b465ee728b)
Start importing Assets/Scriptable Objects/Video Data/Video Data 17.asset using Guid(a30cd23b3b0c2b04c8e64df00224db75) Importer(815301076,1909f56bfc062723c751e8b465ee728b)  -> (artifact id: 'c9065f3a0b9f6d3d231091df0d16bc50') in 0.029182 seconds 
========================================================================
Received Import Request.
  Time since last request: 0.000394 seconds.
  path: Assets/Scriptable Objects/Video Data/Video Data 18.asset
  artifactKey: Guid(3b52a8feb832c1e47b34ecdb279868ad) Importer(815301076,1909f56bfc062723c751e8b465ee728b)
Start importing Assets/Scriptable Objects/Video Data/Video Data 18.asset using Guid(3b52a8feb832c1e47b34ecdb279868ad) Importer(815301076,1909f56bfc062723c751e8b465ee728b)  -> (artifact id: 'd1e5698da82dc0f4bd69b7d3ea83db66') in 0.026117 seconds 
========================================================================
Received Import Request.
  Time since last request: 0.000271 seconds.
  path: Assets/Scriptable Objects/Video Data/Video Data 25.asset
  artifactKey: Guid(11bf8c17306980d46aa245282154a1d9) Importer(815301076,1909f56bfc062723c751e8b465ee728b)
Start importing Assets/Scriptable Objects/Video Data/Video Data 25.asset using Guid(11bf8c17306980d46aa245282154a1d9) Importer(815301076,1909f56bfc062723c751e8b465ee728b)  -> (artifact id: '9bedf583d68babeb8e25fdb1fd0546cd') in 0.028177 seconds 
========================================================================
Received Import Request.
  Time since last request: 0.000218 seconds.
  path: Assets/Scriptable Objects/Video Data/Video Data 23.asset
  artifactKey: Guid(af931fbf42763ea4a97649874ac521cf) Importer(815301076,1909f56bfc062723c751e8b465ee728b)
Start importing Assets/Scriptable Objects/Video Data/Video Data 23.asset using Guid(af931fbf42763ea4a97649874ac521cf) Importer(815301076,1909f56bfc062723c751e8b465ee728b)  -> (artifact id: '9680562beb9366e590ec9eef84b6499c') in 0.017580 seconds 
========================================================================
Received Import Request.
  Time since last request: 0.000224 seconds.
  path: Assets/Scriptable Objects/Video Data/Video Data 15.asset
  artifactKey: Guid(74e6f64dd90c6d1469d8b2aa53637144) Importer(815301076,1909f56bfc062723c751e8b465ee728b)
Start importing Assets/Scriptable Objects/Video Data/Video Data 15.asset using Guid(74e6f64dd90c6d1469d8b2aa53637144) Importer(815301076,1909f56bfc062723c751e8b465ee728b)  -> (artifact id: 'daf6bd0de06ea91685c5cede247a346c') in 0.021613 seconds 
========================================================================
Received Prepare
Registering precompiled user dll's ...
Registered in 0.003797 seconds.
Begin MonoManager ReloadAssembly
Native extension for WindowsStandalone target not found
Native extension for OSXStandalone target not found
Native extension for WebGL target not found
Refreshing native plugins compatible for Editor in 0.76 ms, found 2 plugins.
Preloading 0 native plugins for Editor in 0.00 ms.
Mono: successfully reloaded assembly
- Completed reload, in  1.381 seconds
Platform modules already initialized, skipping
Refreshing native plugins compatible for Editor in 1.18 ms, found 2 plugins.
Preloading 0 native plugins for Editor in 0.00 ms.
Unloading 3463 Unused Serialized files (Serialized files now loaded: 0)
System memory in use before: 133.8 MB.
System memory in use after: 134.1 MB.

Unloading 12 unused Assets to reduce memory usage. Loaded Objects now: 3966.
Total: 2.725400 ms (FindLiveObjects: 0.292900 ms CreateObjectMapping: 0.218900 ms MarkObjects: 2.157200 ms  DeleteObjects: 0.055300 ms)

AssetImportWorkerClient::OnTransportError - code=2 error=End of file
